This file contains any messages produced by compilers while
running configure, to aid debugging if configure makes a mistake.

It was created by service-function-description-monitor-report@2014-11-05 configure 1.0, which was
generated by GNU Autoconf 2.69.  Invocation command line was

  $ ./configure 

## --------- ##
## Platform. ##
## --------- ##

hostname = mncboo-VirtualBox
uname -m = x86_64
uname -r = 3.19.0-25-generic
uname -s = Linux
uname -v = #26~14.04.1-Ubuntu SMP Fri Jul 24 21:16:20 UTC 2015

/usr/bin/uname -p = unknown
/bin/uname -X     = unknown

/bin/arch              = unknown
/usr/bin/arch -k       = unknown
/usr/convex/getsysinfo = unknown
/usr/bin/hostinfo      = unknown
/bin/machine           = unknown
/usr/bin/oslevel       = unknown
/bin/universe          = unknown

PATH: /usr/local/sbin
PATH: /usr/local/bin
PATH: /usr/sbin
PATH: /usr/bin
PATH: /sbin
PATH: /bin
PATH: /usr/games
PATH: /usr/local/games


## ----------- ##
## Core tests. ##
## ----------- ##

configure:2284: checking for gcc
configure:2300: found /usr/bin/gcc
configure:2311: result: gcc
configure:2540: checking for C compiler version
configure:2549: gcc --version >&5
gcc (Ubuntu 4.8.4-2ubuntu1~14.04.3) 4.8.4
Copyright (C) 2013 Free Software Foundation, Inc.
This is free software; see the source for copying conditions.  There is NO
warranty; not even for MERCHANTABILITY or FITNESS FOR A PARTICULAR PURPOSE.

configure:2560: $? = 0
configure:2549: gcc -v >&5
Using built-in specs.
COLLECT_GCC=gcc
COLLECT_LTO_WRAPPER=/usr/lib/gcc/x86_64-linux-gnu/4.8/lto-wrapper
Target: x86_64-linux-gnu
Configured with: ../src/configure -v --with-pkgversion='Ubuntu 4.8.4-2ubuntu1~14.04.3' --with-bugurl=file:///usr/share/doc/gcc-4.8/README.Bugs --enable-languages=c,c++,java,go,d,fortran,objc,obj-c++ --prefix=/usr --program-suffix=-4.8 --enable-shared --enable-linker-build-id --libexecdir=/usr/lib --without-included-gettext --enable-threads=posix --with-gxx-include-dir=/usr/include/c++/4.8 --libdir=/usr/lib --enable-nls --with-sysroot=/ --enable-clocale=gnu --enable-libstdcxx-debug --enable-libstdcxx-time=yes --enable-gnu-unique-object --disable-libmudflap --enable-plugin --with-system-zlib --disable-browser-plugin --enable-java-awt=gtk --enable-gtk-cairo --with-java-home=/usr/lib/jvm/java-1.5.0-gcj-4.8-amd64/jre --enable-java-home --with-jvm-root-dir=/usr/lib/jvm/java-1.5.0-gcj-4.8-amd64 --with-jvm-jar-dir=/usr/lib/jvm-exports/java-1.5.0-gcj-4.8-amd64 --with-arch-directory=amd64 --with-ecj-jar=/usr/share/java/eclipse-ecj.jar --enable-objc-gc --enable-multiarch --disable-werror --with-arch-32=i686 --with-abi=m64 --with-multilib-list=m32,m64,mx32 --with-tune=generic --enable-checking=release --build=x86_64-linux-gnu --host=x86_64-linux-gnu --target=x86_64-linux-gnu
Thread model: posix
gcc version 4.8.4 (Ubuntu 4.8.4-2ubuntu1~14.04.3) 
configure:2560: $? = 0
configure:2549: gcc -V >&5
gcc: error: unrecognized command line option '-V'
gcc: fatal error: no input files
compilation terminated.
configure:2560: $? = 4
configure:2549: gcc -qversion >&5
gcc: error: unrecognized command line option '-qversion'
gcc: fatal error: no input files
compilation terminated.
configure:2560: $? = 4
configure:2580: checking whether the C compiler works
configure:2602: gcc  -O3   conftest.c  >&5
configure:2606: $? = 0
configure:2654: result: yes
configure:2657: checking for C compiler default output file name
configure:2659: result: a.out
configure:2665: checking for suffix of executables
configure:2672: gcc -o conftest  -O3   conftest.c  >&5
configure:2676: $? = 0
configure:2698: result: 
configure:2720: checking whether we are cross compiling
configure:2728: gcc -o conftest  -O3   conftest.c  >&5
configure:2732: $? = 0
configure:2739: ./conftest
configure:2743: $? = 0
configure:2758: result: no
configure:2763: checking for suffix of object files
configure:2785: gcc -c  -O3  conftest.c >&5
configure:2789: $? = 0
configure:2810: result: o
configure:2814: checking whether we are using the GNU C compiler
configure:2833: gcc -c  -O3  conftest.c >&5
configure:2833: $? = 0
configure:2842: result: yes
configure:2851: checking whether gcc accepts -g
configure:2871: gcc -c -g  conftest.c >&5
configure:2871: $? = 0
configure:2912: result: yes
configure:2929: checking for gcc option to accept ISO C89
configure:2992: gcc  -c  -O3  conftest.c >&5
configure:2992: $? = 0
configure:3005: result: none needed
configure:3068: checking for a BSD-compatible install
configure:3136: result: /usr/bin/install -c
configure:3178: checking build system type
configure:3192: result: x86_64-unknown-linux-gnu
configure:3212: checking host system type
configure:3225: result: x86_64-unknown-linux-gnu
configure:3266: checking how to print strings
configure:3293: result: printf
configure:3314: checking for a sed that does not truncate output
configure:3378: result: /bin/sed
configure:3396: checking for grep that handles long lines and -e
configure:3454: result: /bin/grep
configure:3459: checking for egrep
configure:3521: result: /bin/grep -E
configure:3526: checking for fgrep
configure:3588: result: /bin/grep -F
configure:3623: checking for ld used by gcc
configure:3690: result: /usr/bin/ld
configure:3697: checking if the linker (/usr/bin/ld) is GNU ld
configure:3712: result: yes
configure:3724: checking for BSD- or MS-compatible name lister (nm)
configure:3773: result: /usr/bin/nm -B
configure:3903: checking the name lister (/usr/bin/nm -B) interface
configure:3910: gcc -c  -O3  conftest.c >&5
configure:3913: /usr/bin/nm -B "conftest.o"
configure:3916: output
0000000000000000 B some_variable
configure:3923: result: BSD nm
configure:3926: checking whether ln -s works
configure:3930: result: yes
configure:3938: checking the maximum length of command line arguments
configure:4069: result: 1572864
configure:4086: checking whether the shell understands some XSI constructs
configure:4096: result: yes
configure:4100: checking whether the shell understands "+="
configure:4106: result: yes
configure:4141: checking how to convert x86_64-unknown-linux-gnu file names to x86_64-unknown-linux-gnu format
configure:4181: result: func_convert_file_noop
configure:4188: checking how to convert x86_64-unknown-linux-gnu file names to toolchain format
configure:4208: result: func_convert_file_noop
configure:4215: checking for /usr/bin/ld option to reload object files
configure:4222: result: -r
configure:4296: checking for objdump
configure:4312: found /usr/bin/objdump
configure:4323: result: objdump
configure:4355: checking how to recognize dependent libraries
configure:4553: result: pass_all
configure:4638: checking for dlltool
configure:4668: result: no
configure:4698: checking how to associate runtime and link libraries
configure:4725: result: printf %s\n
configure:4786: checking for ar
configure:4802: found /usr/bin/ar
configure:4813: result: ar
configure:4850: checking for archiver @FILE support
configure:4867: gcc -c  -O3  conftest.c >&5
configure:4867: $? = 0
configure:4870: ar cru libconftest.a @conftest.lst >&5
configure:4873: $? = 0
configure:4878: ar cru libconftest.a @conftest.lst >&5
ar: conftest.o: No such file or directory
configure:4881: $? = 1
configure:4893: result: @
configure:4951: checking for strip
configure:4967: found /usr/bin/strip
configure:4978: result: strip
configure:5050: checking for ranlib
configure:5066: found /usr/bin/ranlib
configure:5077: result: ranlib
configure:5154: checking for gawk
configure:5184: result: no
configure:5154: checking for mawk
configure:5170: found /usr/bin/mawk
configure:5181: result: mawk
configure:5221: checking command to parse /usr/bin/nm -B output from gcc object
configure:5341: gcc -c  -O3  conftest.c >&5
configure:5344: $? = 0
configure:5348: /usr/bin/nm -B conftest.o \| sed -n -e 's/^.*[ ]\([ABCDGIRSTW][ABCDGIRSTW]*\)[ ][ ]*\([_A-Za-z][_A-Za-z0-9]*\)$/\1 \2 \2/p' | sed '/ __gnu_lto/d' \> conftest.nm
configure:5351: $? = 0
configure:5417: gcc -o conftest  -O3   conftest.c conftstm.o >&5
configure:5420: $? = 0
configure:5458: result: ok
configure:5495: checking for sysroot
configure:5525: result: no
configure:5602: gcc -c  -O3  conftest.c >&5
configure:5605: $? = 0
configure:5794: checking for mt
configure:5810: found /bin/mt
configure:5821: result: mt
configure:5844: checking if mt is a manifest tool
configure:5850: mt '-?'
configure:5858: result: no
configure:6500: checking how to run the C preprocessor
configure:6531: gcc -E  conftest.c
configure:6531: $? = 0
configure:6545: gcc -E  conftest.c
conftest.c:9:28: fatal error: ac_nonexistent.h: No such file or directory
 #include <ac_nonexistent.h>
                            ^
compilation terminated.
configure:6545: $? = 1
configure: failed program was:
| /* confdefs.h */
| #define PACKAGE_NAME "service-function-description-monitor-report@2014-11-05"
| #define PACKAGE_TARNAME "service-function-description-monitor-report-2014-11-05"
| #define PACKAGE_VERSION "1.0"
| #define PACKAGE_STRING "service-function-description-monitor-report@2014-11-05 1.0"
| #define PACKAGE_BUGREPORT "BUG-REPORT-ADDRESS"
| #define PACKAGE_URL ""
| /* end confdefs.h.  */
| #include <ac_nonexistent.h>
configure:6570: result: gcc -E
configure:6590: gcc -E  conftest.c
configure:6590: $? = 0
configure:6604: gcc -E  conftest.c
conftest.c:9:28: fatal error: ac_nonexistent.h: No such file or directory
 #include <ac_nonexistent.h>
                            ^
compilation terminated.
configure:6604: $? = 1
configure: failed program was:
| /* confdefs.h */
| #define PACKAGE_NAME "service-function-description-monitor-report@2014-11-05"
| #define PACKAGE_TARNAME "service-function-description-monitor-report-2014-11-05"
| #define PACKAGE_VERSION "1.0"
| #define PACKAGE_STRING "service-function-description-monitor-report@2014-11-05 1.0"
| #define PACKAGE_BUGREPORT "BUG-REPORT-ADDRESS"
| #define PACKAGE_URL ""
| /* end confdefs.h.  */
| #include <ac_nonexistent.h>
configure:6633: checking for ANSI C header files
configure:6653: gcc -c  -O3  conftest.c >&5
configure:6653: $? = 0
configure:6726: gcc -o conftest  -O3   conftest.c  >&5
configure:6726: $? = 0
configure:6726: ./conftest
configure:6726: $? = 0
configure:6737: result: yes
configure:6750: checking for sys/types.h
configure:6750: gcc -c  -O3  conftest.c >&5
configure:6750: $? = 0
configure:6750: result: yes
configure:6750: checking for sys/stat.h
configure:6750: gcc -c  -O3  conftest.c >&5
configure:6750: $? = 0
configure:6750: result: yes
configure:6750: checking for stdlib.h
configure:6750: gcc -c  -O3  conftest.c >&5
configure:6750: $? = 0
configure:6750: result: yes
configure:6750: checking for string.h
configure:6750: gcc -c  -O3  conftest.c >&5
configure:6750: $? = 0
configure:6750: result: yes
configure:6750: checking for memory.h
configure:6750: gcc -c  -O3  conftest.c >&5
configure:6750: $? = 0
configure:6750: result: yes
configure:6750: checking for strings.h
configure:6750: gcc -c  -O3  conftest.c >&5
configure:6750: $? = 0
configure:6750: result: yes
configure:6750: checking for inttypes.h
configure:6750: gcc -c  -O3  conftest.c >&5
configure:6750: $? = 0
configure:6750: result: yes
configure:6750: checking for stdint.h
configure:6750: gcc -c  -O3  conftest.c >&5
configure:6750: $? = 0
configure:6750: result: yes
configure:6750: checking for unistd.h
configure:6750: gcc -c  -O3  conftest.c >&5
configure:6750: $? = 0
configure:6750: result: yes
configure:6764: checking for dlfcn.h
configure:6764: gcc -c  -O3  conftest.c >&5
configure:6764: $? = 0
configure:6764: result: yes
configure:6970: checking for objdir
configure:6985: result: .libs
configure:7252: checking if gcc supports -fno-rtti -fno-exceptions
configure:7270: gcc -c  -O3  -fno-rtti -fno-exceptions conftest.c >&5
cc1: warning: command line option '-fno-rtti' is valid for C++/ObjC++ but not for C [enabled by default]
configure:7274: $? = 0
configure:7287: result: no
configure:7614: checking for gcc option to produce PIC
configure:7621: result: -fPIC -DPIC
configure:7629: checking if gcc PIC flag -fPIC -DPIC works
configure:7647: gcc -c  -O3  -fPIC -DPIC -DPIC conftest.c >&5
configure:7651: $? = 0
configure:7664: result: yes
configure:7693: checking if gcc static flag -static works
configure:7721: result: yes
configure:7736: checking if gcc supports -c -o file.o
configure:7757: gcc -c  -O3  -o out/conftest2.o conftest.c >&5
configure:7761: $? = 0
configure:7783: result: yes
configure:7791: checking if gcc supports -c -o file.o
configure:7838: result: yes
configure:7871: checking whether the gcc linker (/usr/bin/ld -m elf_x86_64) supports shared libraries
configure:9028: result: yes
configure:9065: checking whether -lc should be explicitly linked in
configure:9073: gcc -c  -O3  conftest.c >&5
configure:9076: $? = 0
configure:9091: gcc -shared  -fPIC -DPIC conftest.o  -v -Wl,-soname -Wl,conftest -o conftest 2\>\&1 \| /bin/grep  -lc  \>/dev/null 2\>\&1
configure:9094: $? = 0
configure:9108: result: no
configure:9268: checking dynamic linker characteristics
configure:9768: gcc -o conftest  -O3   -Wl,-rpath -Wl,/foo conftest.c  >&5
configure:9768: $? = 0
configure:10002: result: GNU/Linux ld.so
configure:10109: checking how to hardcode library paths into programs
configure:10134: result: immediate
configure:10674: checking whether stripping libraries is possible
configure:10679: result: yes
configure:10714: checking if libtool supports shared libraries
configure:10716: result: yes
configure:10719: checking whether to build shared libraries
configure:10740: result: yes
configure:10743: checking whether to build static libraries
configure:10747: result: yes
configure:10791: checking for library containing ncds_apply_rpc2all
configure:10822: gcc -o conftest  -O3   conftest.c  >&5
/tmp/ccQFwJbh.o: In function `main':
conftest.c:(.text.startup+0x7): undefined reference to `ncds_apply_rpc2all'
collect2: error: ld returned 1 exit status
configure:10822: $? = 1
configure: failed program was:
| /* confdefs.h */
| #define PACKAGE_NAME "service-function-description-monitor-report@2014-11-05"
| #define PACKAGE_TARNAME "service-function-description-monitor-report-2014-11-05"
| #define PACKAGE_VERSION "1.0"
| #define PACKAGE_STRING "service-function-description-monitor-report@2014-11-05 1.0"
| #define PACKAGE_BUGREPORT "BUG-REPORT-ADDRESS"
| #define PACKAGE_URL ""
| #define STDC_HEADERS 1
| #define HAVE_SYS_TYPES_H 1
| #define HAVE_SYS_STAT_H 1
| #define HAVE_STDLIB_H 1
| #define HAVE_STRING_H 1
| #define HAVE_MEMORY_H 1
| #define HAVE_STRINGS_H 1
| #define HAVE_INTTYPES_H 1
| #define HAVE_STDINT_H 1
| #define HAVE_UNISTD_H 1
| #define HAVE_DLFCN_H 1
| #define LT_OBJDIR ".libs/"
| /* end confdefs.h.  */
| 
| /* Override any GCC internal prototype to avoid an error.
|    Use char because int might match the return type of a GCC
|    builtin and then its argument prototype would still apply.  */
| #ifdef __cplusplus
| extern "C"
| #endif
| char ncds_apply_rpc2all ();
| int
| main ()
| {
| return ncds_apply_rpc2all ();
|   ;
|   return 0;
| }
configure:10822: gcc -o conftest  -O3   conftest.c -lnetconf   >&5
configure:10822: $? = 0
configure:10839: result: -lnetconf
configure:10854: checking for xml2-config
configure:10870: found /usr/bin/xml2-config
configure:10882: result: yes
configure:10893: checking for main in -lxml2
configure:10912: gcc -o conftest  -O3   conftest.c -lxml2  -lnetconf  >&5
configure:10912: $? = 0
configure:10921: result: yes
configure:10935: checking for stdlib.h
configure:10935: result: yes
configure:10935: checking libnetconf.h usability
configure:10935: gcc -c -I/usr/include/libxml2  -O3  conftest.c >&5
configure:10935: $? = 0
configure:10935: result: yes
configure:10935: checking libnetconf.h presence
configure:10935: gcc -E  conftest.c
configure:10935: $? = 0
configure:10935: result: yes
configure:10935: checking for libnetconf.h
configure:10935: result: yes
configure:11104: creating ./config.status

## ---------------------- ##
## Running config.status. ##
## ---------------------- ##

This file was extended by service-function-description-monitor-report@2014-11-05 config.status 1.0, which was
generated by GNU Autoconf 2.69.  Invocation command line was

  CONFIG_FILES    = 
  CONFIG_HEADERS  = 
  CONFIG_LINKS    = 
  CONFIG_COMMANDS = 
  $ ./config.status 

on mncboo-VirtualBox

config.status:969: creating Makefile
config.status:1135: executing libtool commands

## ---------------- ##
## Cache variables. ##
## ---------------- ##

ac_cv_build=x86_64-unknown-linux-gnu
ac_cv_c_compiler_gnu=yes
ac_cv_env_CC_set=
ac_cv_env_CC_value=
ac_cv_env_CFLAGS_set=
ac_cv_env_CFLAGS_value=
ac_cv_env_CPPFLAGS_set=
ac_cv_env_CPPFLAGS_value=
ac_cv_env_CPP_set=
ac_cv_env_CPP_value=
ac_cv_env_LDFLAGS_set=
ac_cv_env_LDFLAGS_value=
ac_cv_env_LIBS_set=
ac_cv_env_LIBS_value=
ac_cv_env_build_alias_set=
ac_cv_env_build_alias_value=
ac_cv_env_host_alias_set=
ac_cv_env_host_alias_value=
ac_cv_env_target_alias_set=
ac_cv_env_target_alias_value=
ac_cv_header_dlfcn_h=yes
ac_cv_header_inttypes_h=yes
ac_cv_header_libnetconf_h=yes
ac_cv_header_memory_h=yes
ac_cv_header_stdc=yes
ac_cv_header_stdint_h=yes
ac_cv_header_stdlib_h=yes
ac_cv_header_string_h=yes
ac_cv_header_strings_h=yes
ac_cv_header_sys_stat_h=yes
ac_cv_header_sys_types_h=yes
ac_cv_header_unistd_h=yes
ac_cv_host=x86_64-unknown-linux-gnu
ac_cv_lib_xml2_main=yes
ac_cv_objext=o
ac_cv_path_EGREP='/bin/grep -E'
ac_cv_path_FGREP='/bin/grep -F'
ac_cv_path_GREP=/bin/grep
ac_cv_path_SED=/bin/sed
ac_cv_path_install='/usr/bin/install -c'
ac_cv_prog_AWK=mawk
ac_cv_prog_CPP='gcc -E'
ac_cv_prog_XML2_CONFIG=yes
ac_cv_prog_ac_ct_AR=ar
ac_cv_prog_ac_ct_CC=gcc
ac_cv_prog_ac_ct_MANIFEST_TOOL=mt
ac_cv_prog_ac_ct_OBJDUMP=objdump
ac_cv_prog_ac_ct_RANLIB=ranlib
ac_cv_prog_ac_ct_STRIP=strip
ac_cv_prog_cc_c89=
ac_cv_prog_cc_g=yes
ac_cv_search_ncds_apply_rpc2all=-lnetconf
lt_cv_ar_at_file=@
lt_cv_archive_cmds_need_lc=no
lt_cv_deplibs_check_method=pass_all
lt_cv_file_magic_cmd='$MAGIC_CMD'
lt_cv_file_magic_test_file=
lt_cv_ld_reload_flag=-r
lt_cv_nm_interface='BSD nm'
lt_cv_objdir=.libs
lt_cv_path_LD=/usr/bin/ld
lt_cv_path_NM='/usr/bin/nm -B'
lt_cv_path_mainfest_tool=no
lt_cv_prog_compiler_c_o=yes
lt_cv_prog_compiler_pic='-fPIC -DPIC'
lt_cv_prog_compiler_pic_works=yes
lt_cv_prog_compiler_rtti_exceptions=no
lt_cv_prog_compiler_static_works=yes
lt_cv_prog_gnu_ld=yes
lt_cv_sharedlib_from_linklib_cmd='printf %s\n'
lt_cv_shlibpath_overrides_runpath=no
lt_cv_sys_global_symbol_pipe='sed -n -e '\''s/^.*[	 ]\([ABCDGIRSTW][ABCDGIRSTW]*\)[	 ][	 ]*\([_A-Za-z][_A-Za-z0-9]*\)$/\1 \2 \2/p'\'' | sed '\''/ __gnu_lto/d'\'''
lt_cv_sys_global_symbol_to_c_name_address='sed -n -e '\''s/^: \([^ ]*\)[ ]*$/  {\"\1\", (void *) 0},/p'\'' -e '\''s/^[ABCDGIRSTW]* \([^ ]*\) \([^ ]*\)$/  {"\2", (void *) \&\2},/p'\'''
lt_cv_sys_global_symbol_to_c_name_address_lib_prefix='sed -n -e '\''s/^: \([^ ]*\)[ ]*$/  {\"\1\", (void *) 0},/p'\'' -e '\''s/^[ABCDGIRSTW]* \([^ ]*\) \(lib[^ ]*\)$/  {"\2", (void *) \&\2},/p'\'' -e '\''s/^[ABCDGIRSTW]* \([^ ]*\) \([^ ]*\)$/  {"lib\2", (void *) \&\2},/p'\'''
lt_cv_sys_global_symbol_to_cdecl='sed -n -e '\''s/^T .* \(.*\)$/extern int \1();/p'\'' -e '\''s/^[ABCDGIRSTW]* .* \(.*\)$/extern char \1;/p'\'''
lt_cv_sys_max_cmd_len=1572864
lt_cv_to_host_file_cmd=func_convert_file_noop
lt_cv_to_tool_file_cmd=func_convert_file_noop

## ----------------- ##
## Output variables. ##
## ----------------- ##

AR='ar'
AWK='mawk'
CC='gcc'
CFLAGS='-I/usr/include/libxml2  -O3'
CPP='gcc -E'
CPPFLAGS=''
DEFS='-DPACKAGE_NAME=\"service-function-description-monitor-report@2014-11-05\" -DPACKAGE_TARNAME=\"service-function-description-monitor-report-2014-11-05\" -DPACKAGE_VERSION=\"1.0\" -DPACKAGE_STRING=\"service-function-description-monitor-report@2014-11-05\ 1.0\" -DPACKAGE_BUGREPORT=\"BUG-REPORT-ADDRESS\" -DPACKAGE_URL=\"\" -DSTDC_HEADERS=1 -DHAVE_SYS_TYPES_H=1 -DHAVE_SYS_STAT_H=1 -DHAVE_STDLIB_H=1 -DHAVE_STRING_H=1 -DHAVE_MEMORY_H=1 -DHAVE_STRINGS_H=1 -DHAVE_INTTYPES_H=1 -DHAVE_STDINT_H=1 -DHAVE_UNISTD_H=1 -DHAVE_DLFCN_H=1 -DLT_OBJDIR=\".libs/\" -DHAVE_STDLIB_H=1 -DHAVE_LIBNETCONF_H=1'
DLLTOOL='false'
DSYMUTIL=''
DUMPBIN=''
ECHO_C=''
ECHO_N='-n'
ECHO_T=''
EGREP='/bin/grep -E'
EXEEXT=''
FGREP='/bin/grep -F'
GREP='/bin/grep'
INSTALL_DATA='${INSTALL} -m 644'
INSTALL_PROGRAM='${INSTALL}'
INSTALL_SCRIPT='${INSTALL}'
LD='/usr/bin/ld -m elf_x86_64'
LDFLAGS=''
LIBOBJS=''
LIBS='-lxml2 -lnetconf '
LIBTOOL='$(SHELL) $(top_builddir)/libtool'
LIPO=''
LN_S='ln -s'
LTLIBOBJS=''
MANIFEST_TOOL=':'
NM='/usr/bin/nm -B'
NMEDIT=''
OBJDUMP='objdump'
OBJEXT='o'
OTOOL64=''
OTOOL=''
PACKAGE_BUGREPORT='BUG-REPORT-ADDRESS'
PACKAGE_NAME='service-function-description-monitor-report@2014-11-05'
PACKAGE_STRING='service-function-description-monitor-report@2014-11-05 1.0'
PACKAGE_TARNAME='service-function-description-monitor-report-2014-11-05'
PACKAGE_URL=''
PACKAGE_VERSION='1.0'
PATH_SEPARATOR=':'
PROJECTNAME='service-function-description-monitor-report@2014-11-05'
RANLIB='ranlib'
SED='/bin/sed'
SHELL='/bin/bash'
STRIP='strip'
XML2_CONFIG='yes'
ac_ct_AR='ar'
ac_ct_CC='gcc'
ac_ct_DUMPBIN=''
bindir='${exec_prefix}/bin'
build='x86_64-unknown-linux-gnu'
build_alias=''
build_cpu='x86_64'
build_os='linux-gnu'
build_vendor='unknown'
datadir='${datarootdir}'
datarootdir='${prefix}/share'
docdir='${datarootdir}/doc/${PACKAGE_TARNAME}'
dvidir='${docdir}'
exec_prefix='${prefix}'
host='x86_64-unknown-linux-gnu'
host_alias=''
host_cpu='x86_64'
host_os='linux-gnu'
host_vendor='unknown'
htmldir='${docdir}'
includedir='${prefix}/include'
infodir='${datarootdir}/info'
libdir='${exec_prefix}/lib'
libexecdir='${exec_prefix}/libexec'
libtool='./libtool'
localedir='${datarootdir}/locale'
localstatedir='${prefix}/var'
mandir='${datarootdir}/man'
oldincludedir='/usr/include'
pdfdir='${docdir}'
prefix='/usr/local'
program_transform_name='s,x,x,'
psdir='${docdir}'
sbindir='${exec_prefix}/sbin'
sharedstatedir='${prefix}/com'
sysconfdir='${prefix}/etc'
target_alias=''

## ----------- ##
## confdefs.h. ##
## ----------- ##

/* confdefs.h */
#define PACKAGE_NAME "service-function-description-monitor-report@2014-11-05"
#define PACKAGE_TARNAME "service-function-description-monitor-report-2014-11-05"
#define PACKAGE_VERSION "1.0"
#define PACKAGE_STRING "service-function-description-monitor-report@2014-11-05 1.0"
#define PACKAGE_BUGREPORT "BUG-REPORT-ADDRESS"
#define PACKAGE_URL ""
#define STDC_HEADERS 1
#define HAVE_SYS_TYPES_H 1
#define HAVE_SYS_STAT_H 1
#define HAVE_STDLIB_H 1
#define HAVE_STRING_H 1
#define HAVE_MEMORY_H 1
#define HAVE_STRINGS_H 1
#define HAVE_INTTYPES_H 1
#define HAVE_STDINT_H 1
#define HAVE_UNISTD_H 1
#define HAVE_DLFCN_H 1
#define LT_OBJDIR ".libs/"
#define HAVE_STDLIB_H 1
#define HAVE_LIBNETCONF_H 1

configure: exit 0
